1648993553071	geckodriver	INFO	Listening on 127.0.0.1:53495
1648993556145	mozrunner::runner	INFO	Running command: "C:\\Program Files\\Mozilla Firefox\\firefox.exe" "--marionette" "--remote-debugging-port" "53496" "-no-remote" "-profile" "C:\\Users\\FN-LT\\AppData\\Local\\Temp\\rust_mozprofileUqHr45"
1648993556795	Marionette	INFO	Marionette enabled
console.warn: SearchSettings: "get: No settings file exists, new profile?" (new NotFoundError("Could not open the file at C:\\Users\\FN-LT\\AppData\\Local\\Temp\\rust_mozprofileUqHr45\\search.json.mozlz4", (void 0)))
DevTools listening on ws://localhost:53496/devtools/browser/b54ec531-465a-45af-9a3d-4f9f32347a37
1648993559872	Marionette	INFO	Listening on port 53506
1648993560379	RemoteAgent	WARN	TLS certificate errors will be ignored for this session
JavaScript warning: https://pagead2.googlesyndication.com/bg/FyXTnIqgf3MR1shnyKQtc5k9nN1KItMFAbgv4xYT2II.js line 1 > eval line 4642 > eval line 1 > eval line 1 > eval, line 1: WEBGL_debug_renderer_info is deprecated in Firefox and will be removed. Please use RENDERER.
1648993571781	Marionette	INFO	Stopped listening on port 53506
1649091019296	geckodriver	INFO	Listening on 127.0.0.1:59537
1649091022352	mozrunner::runner	INFO	Running command: "C:\\Program Files\\Mozilla Firefox\\firefox.exe" "--marionette" "--remote-debugging-port" "59538" "-no-remote" "-profile" "C:\\Users\\FN-LT\\AppData\\Local\\Temp\\rust_mozprofilezXNAdp"
1649091022864	Marionette	INFO	Marionette enabled
console.warn: SearchSettings: "get: No settings file exists, new profile?" (new NotFoundError("Could not open the file at C:\\Users\\FN-LT\\AppData\\Local\\Temp\\rust_mozprofilezXNAdp\\search.json.mozlz4", (void 0)))
DevTools listening on ws://localhost:59538/devtools/browser/99af3967-e639-4fc1-b737-5906c2763e99
1649091026068	Marionette	INFO	Listening on port 59544
1649091026559	RemoteAgent	WARN	TLS certificate errors will be ignored for this session
JavaScript warning: https://pagead2.googlesyndication.com/bg/xnyDcLTJFFqRrOSh_tGs93TmBGWOIlQl9rUvBjKFBOc.js line 1 > eval line 7311 > eval line 1 > eval line 1 > eval, line 1: WEBGL_debug_renderer_info is deprecated in Firefox and will be removed. Please use RENDERER.
1649091036750	Marionette	INFO	Stopped listening on port 59544

###!!! [Parent][PContentParent] Error: Send(msgname=PContent::Reply_DiscardBrowsingContext) Closed channel: cannot send/recv


###!!! [Parent][PContentParent] Error: Send(msgname=PContent::Reply_DiscardBrowsingContext) Closed channel: cannot send/recv


###!!! [Parent][PContentParent] Error: Send(msgname=PContent::Reply_DiscardBrowsingContext) Closed channel: cannot send/recv


###!!! [Parent][PContentParent] Error: Send(msgname=PContent::Msg_DestroyBrowsingContextGroup) Closed channel: cannot send/recv


###!!! [Child][PContentChild] Error: RunMessage(msgname=PContent::Msg_DiscardBrowsingContext) Channel closing: too late to send/recv, messages will be lost


###!!! [Child][PContentChild] Error: RunMessage(msgname=PContent::Msg_DiscardBrowsingContext) Channel closing: too late to send/recv, messages will be lost


###!!! [Child][PContentChild] Error: RunMessage(msgname=PContent::Msg_DiscardBrowsingContext) Channel closing: too late to send/recv, messages will be lost


###!!! [Child][PContentChild] Error: RunMessage(msgname=PContent::Reply_DiscardBrowsingContext) Channel closing: too late to send/recv, messages will be lost


###!!! [Child][PContentChild] Error: RunMessage(msgname=PContent::Reply_DiscardBrowsingContext) Channel closing: too late to send/recv, messages will be lost


###!!! [Child][PContentChild] Error: RunMessage(msgname=PContent::Reply_DiscardBrowsingContext) Channel closing: too late to send/recv, messages will be lost


###!!! [Child][PContentChild] Error: RunMessage(msgname=PContent::Reply_DiscardBrowsingContext) Channel closing: too late to send/recv, messages will be lost


###!!! [Child][PContentChild] Error: RunMessage(msgname=PContent::Reply_DiscardBrowsingContext) Channel closing: too late to send/recv, messages will be lost

